<?xml version="1.0" encoding="UTF-8"?>
<testng-results ignored="0" total="2" passed="2" failed="0" skipped="0">
  <reporter-output>
  </reporter-output>
  <suite started-at="2024-01-27T19:28:07 IST" name="Default suite" finished-at="2024-01-27T19:28:26 IST" duration-ms="19159">
    <groups>
    </groups>
    <test started-at="2024-01-27T19:28:07 IST" name="Default test" finished-at="2024-01-27T19:28:26 IST" duration-ms="19159">
      <class name="Testcases.AutomationhomepageTestPages">
        <test-method is-config="true" signature="setup()[pri:0, instance:Testcases.AutomationhomepageTestPages@39ac0c0a]" started-at="2024-01-27T19:28:07 IST" name="setup" finished-at="2024-01-27T19:28:23 IST" duration-ms="15952" status="PASS">
          <reporter-output>
          </reporter-output>
        </test-method> <!-- setup -->
        <test-method signature="Signup()[pri:0, instance:Testcases.AutomationhomepageTestPages@39ac0c0a]" started-at="2024-01-27T19:28:23 IST" name="Signup" finished-at="2024-01-27T19:28:26 IST" duration-ms="2682" status="PASS">
          <reporter-output>
          </reporter-output>
        </test-method> <!-- Signup -->
        <test-method signature="homepqagetitleverification()[pri:0, instance:Testcases.AutomationhomepageTestPages@39ac0c0a]" started-at="2024-01-27T19:28:26 IST" name="homepqagetitleverification" finished-at="2024-01-27T19:28:26 IST" duration-ms="134" status="PASS">
          <reporter-output>
          </reporter-output>
        </test-method> <!-- homepqagetitleverification -->
      </class> <!-- Testcases.AutomationhomepageTestPages -->
    </test> <!-- Default test -->
  </suite> <!-- Default suite -->
</testng-results>
